# JRE version: OpenJDK Runtime Environment (11.0.15) (build 11.0.15+0-b2043.56-9505619)
# Java VM: OpenJDK 64-Bit Server VM (11.0.15+0-b2043.56-9505619, mixed mode, tiered, compressed oops, g1 gc, windows-amd64)
Heap:
 garbage-first heap   total 258048K, used 89366K [0x0000000080000000, 0x0000000100000000)
  region size 1024K, 70 young (71680K), 6 survivors (6144K)
 Metaspace       used 40782K, capacity 41845K, committed 42108K, reserved 552960K
  class space    used 5128K, capacity 5533K, committed 5580K, reserved 516096K
GC Heap History (10 events):
Event: 6.150 GC heap before
{Heap before GC invocations=0 (full 0):
 garbage-first heap   total 258048K, used 29696K [0x0000000080000000, 0x0000000100000000)
  region size 1024K, 24 young (24576K), 0 survivors (0K)
 Metaspace       used 9698K, capacity 9900K, committed 10112K, reserved 526336K
  class space    used 985K, capacity 1069K, committed 1152K, reserved 516096K
}
Event: 7.843 GC heap after
{Heap after GC invocations=1 (full 0):
 garbage-first heap   total 258048K, used 9358K [0x0000000080000000, 0x0000000100000000)
  region size 1024K, 3 young (3072K), 3 survivors (3072K)
 Metaspace       used 9698K, capacity 9900K, committed 10112K, reserved 526336K
  class space    used 985K, capacity 1069K, committed 1152K, reserved 516096K
}
Event: 27.162 GC heap before
{Heap before GC invocations=1 (full 0):
 garbage-first heap   total 258048K, used 103566K [0x0000000080000000, 0x0000000100000000)
  region size 1024K, 95 young (97280K), 3 survivors (3072K)
 Metaspace       used 20707K, capacity 21168K, committed 21296K, reserved 536576K
  class space    used 2482K, capacity 2659K, committed 2688K, reserved 516096K
}
Event: 27.255 GC heap after
{Heap after GC invocations=2 (full 0):
 garbage-first heap   total 258048K, used 17199K [0x0000000080000000, 0x0000000100000000)
  region size 1024K, 11 young (11264K), 11 survivors (11264K)
 Metaspace       used 20707K, capacity 21168K, committed 21296K, reserved 536576K
  class space    used 2482K, capacity 2659K, committed 2688K, reserved 516096K
}
Event: 27.667 GC heap before
{Heap before GC invocations=3 (full 0):
 garbage-first heap   total 258048K, used 25391K [0x0000000080000000, 0x0000000100000000)
  region size 1024K, 19 young (19456K), 11 survivors (11264K)
 Metaspace       used 21659K, capacity 22202K, committed 22524K, reserved 536576K
  class space    used 2654K, capacity 2835K, committed 2892K, reserved 516096K
}
Event: 27.675 GC heap after
{Heap after GC invocations=4 (full 0):
 garbage-first heap   total 258048K, used 17564K [0x0000000080000000, 0x0000000100000000)
  region size 1024K, 1 young (1024K), 1 survivors (1024K)
 Metaspace       used 21659K, capacity 22202K, committed 22524K, reserved 536576K
  class space    used 2654K, capacity 2835K, committed 2892K, reserved 516096K
}
Event: 31.601 GC heap before
{Heap before GC invocations=5 (full 0):
 garbage-first heap   total 258048K, used 86172K [0x0000000080000000, 0x0000000100000000)
  region size 1024K, 68 young (69632K), 1 survivors (1024K)
 Metaspace       used 28124K, capacity 28772K, committed 28924K, reserved 542720K
  class space    used 3653K, capacity 3885K, committed 3916K, reserved 516096K
}
Event: 31.605 GC heap after
{Heap after GC invocations=6 (full 0):
 garbage-first heap   total 258048K, used 19603K [0x0000000080000000, 0x0000000100000000)
  region size 1024K, 3 young (3072K), 3 survivors (3072K)
 Metaspace       used 28124K, capacity 28772K, committed 28924K, reserved 542720K
  class space    used 3653K, capacity 3885K, committed 3916K, reserved 516096K
}
Event: 38.045 GC heap before
{Heap before GC invocations=6 (full 0):
 garbage-first heap   total 258048K, used 69779K [0x0000000080000000, 0x0000000100000000)
  region size 1024K, 53 young (54272K), 3 survivors (3072K)
 Metaspace       used 36623K, capacity 37398K, committed 37500K, reserved 548864K
  class space    used 4681K, capacity 5015K, committed 5068K, reserved 516096K
}
Event: 38.056 GC heap after
{Heap after GC invocations=7 (full 0):
 garbage-first heap   total 258048K, used 22806K [0x0000000080000000, 0x0000000100000000)
  region size 1024K, 6 young (6144K), 6 survivors (6144K)
 Metaspace       used 36623K, capacity 37398K, committed 37500K, reserved 548864K
  class space    used 4681K, capacity 5015K, committed 5068K, reserved 516096K
}

