# JRE version: OpenJDK Runtime Environment (11.0.15) (build 11.0.15+0-b2043.56-9505619)
# Java VM: OpenJDK 64-Bit Server VM (11.0.15+0-b2043.56-9505619, mixed mode, tiered, compressed oops, g1 gc, windows-amd64)
Heap:
 garbage-first heap   total 258048K, used 91017K [0x0000000080000000, 0x0000000100000000)
  region size 1024K, 71 young (72704K), 6 survivors (6144K)
 Metaspace       used 40352K, capacity 41329K, committed 41424K, reserved 552960K
  class space    used 5062K, capacity 5443K, committed 5504K, reserved 516096K
GC Heap History (10 events):
Event: 3.987 GC heap before
{Heap before GC invocations=0 (full 0):
 garbage-first heap   total 258048K, used 29696K [0x0000000080000000, 0x0000000100000000)
  region size 1024K, 24 young (24576K), 0 survivors (0K)
 Metaspace       used 9725K, capacity 9968K, committed 10112K, reserved 526336K
  class space    used 987K, capacity 1069K, committed 1152K, reserved 516096K
}
Event: 6.414 GC heap after
{Heap after GC invocations=1 (full 0):
 garbage-first heap   total 258048K, used 9362K [0x0000000080000000, 0x0000000100000000)
  region size 1024K, 3 young (3072K), 3 survivors (3072K)
 Metaspace       used 9725K, capacity 9968K, committed 10112K, reserved 526336K
  class space    used 987K, capacity 1069K, committed 1152K, reserved 516096K
}
Event: 51.797 GC heap before
{Heap before GC invocations=1 (full 0):
 garbage-first heap   total 258048K, used 102546K [0x0000000080000000, 0x0000000100000000)
  region size 1024K, 94 young (96256K), 3 survivors (3072K)
 Metaspace       used 20704K, capacity 21173K, committed 21296K, reserved 536576K
  class space    used 2478K, capacity 2659K, committed 2688K, reserved 516096K
}
Event: 51.893 GC heap after
{Heap after GC invocations=2 (full 0):
 garbage-first heap   total 258048K, used 17388K [0x0000000080000000, 0x0000000100000000)
  region size 1024K, 11 young (11264K), 11 survivors (11264K)
 Metaspace       used 20704K, capacity 21173K, committed 21296K, reserved 536576K
  class space    used 2478K, capacity 2659K, committed 2688K, reserved 516096K
}
Event: 54.186 GC heap before
{Heap before GC invocations=3 (full 0):
 garbage-first heap   total 258048K, used 29676K [0x0000000080000000, 0x0000000100000000)
  region size 1024K, 23 young (23552K), 11 survivors (11264K)
 Metaspace       used 22145K, capacity 22701K, committed 22832K, reserved 536576K
  class space    used 2724K, capacity 2935K, committed 2944K, reserved 516096K
}
Event: 54.193 GC heap after
{Heap after GC invocations=4 (full 0):
 garbage-first heap   total 258048K, used 17808K [0x0000000080000000, 0x0000000100000000)
  region size 1024K, 1 young (1024K), 1 survivors (1024K)
 Metaspace       used 22145K, capacity 22701K, committed 22832K, reserved 536576K
  class space    used 2724K, capacity 2935K, committed 2944K, reserved 516096K
}
Event: 66.897 GC heap before
{Heap before GC invocations=4 (full 0):
 garbage-first heap   total 258048K, used 83344K [0x0000000080000000, 0x0000000100000000)
  region size 1024K, 65 young (66560K), 1 survivors (1024K)
 Metaspace       used 28777K, capacity 29435K, committed 29616K, reserved 542720K
  class space    used 3752K, capacity 4017K, committed 4096K, reserved 516096K
}
Event: 66.913 GC heap after
{Heap after GC invocations=5 (full 0):
 garbage-first heap   total 258048K, used 19870K [0x0000000080000000, 0x0000000100000000)
  region size 1024K, 3 young (3072K), 3 survivors (3072K)
 Metaspace       used 28777K, capacity 29435K, committed 29616K, reserved 542720K
  class space    used 3752K, capacity 4017K, committed 4096K, reserved 516096K
}
Event: 72.386 GC heap before
{Heap before GC invocations=5 (full 0):
 garbage-first heap   total 258048K, used 57758K [0x0000000080000000, 0x0000000100000000)
  region size 1024K, 41 young (41984K), 3 survivors (3072K)
 Metaspace       used 35031K, capacity 35811K, committed 35920K, reserved 548864K
  class space    used 4490K, capacity 4823K, committed 4864K, reserved 516096K
}
Event: 72.397 GC heap after
{Heap after GC invocations=6 (full 0):
 garbage-first heap   total 258048K, used 22409K [0x0000000080000000, 0x0000000100000000)
  region size 1024K, 6 young (6144K), 6 survivors (6144K)
 Metaspace       used 35031K, capacity 35811K, committed 35920K, reserved 548864K
  class space    used 4490K, capacity 4823K, committed 4864K, reserved 516096K
}

