# JRE version: OpenJDK Runtime Environment (11.0.15) (build 11.0.15+0-b2043.56-9505619)
# Java VM: OpenJDK 64-Bit Server VM (11.0.15+0-b2043.56-9505619, mixed mode, tiered, compressed oops, g1 gc, windows-amd64)
Heap:
 garbage-first heap   total 258048K, used 72293K [0x0000000080000000, 0x0000000100000000)
  region size 1024K, 53 young (54272K), 6 survivors (6144K)
 Metaspace       used 39628K, capacity 40537K, committed 40656K, reserved 552960K
  class space    used 4960K, capacity 5329K, committed 5408K, reserved 516096K
GC Heap History (8 events):
Event: 8.048 GC heap before
{Heap before GC invocations=0 (full 0):
 garbage-first heap   total 258048K, used 29696K [0x0000000080000000, 0x0000000100000000)
  region size 1024K, 24 young (24576K), 0 survivors (0K)
 Metaspace       used 9783K, capacity 10028K, committed 10112K, reserved 526336K
  class space    used 996K, capacity 1069K, committed 1152K, reserved 516096K
}
Event: 8.476 GC heap after
{Heap after GC invocations=1 (full 0):
 garbage-first heap   total 258048K, used 9381K [0x0000000080000000, 0x0000000100000000)
  region size 1024K, 3 young (3072K), 3 survivors (3072K)
 Metaspace       used 9783K, capacity 10028K, committed 10112K, reserved 526336K
  class space    used 996K, capacity 1069K, committed 1152K, reserved 516096K
}
Event: 39.332 GC heap before
{Heap before GC invocations=1 (full 0):
 garbage-first heap   total 258048K, used 104613K [0x0000000080000000, 0x0000000100000000)
  region size 1024K, 96 young (98304K), 3 survivors (3072K)
 Metaspace       used 20775K, capacity 21171K, committed 21296K, reserved 536576K
  class space    used 2487K, capacity 2659K, committed 2688K, reserved 516096K
}
Event: 39.620 GC heap after
{Heap after GC invocations=2 (full 0):
 garbage-first heap   total 258048K, used 17294K [0x0000000080000000, 0x0000000100000000)
  region size 1024K, 11 young (11264K), 11 survivors (11264K)
 Metaspace       used 20775K, capacity 21171K, committed 21296K, reserved 536576K
  class space    used 2487K, capacity 2659K, committed 2688K, reserved 516096K
}
Event: 52.050 GC heap before
{Heap before GC invocations=3 (full 0):
 garbage-first heap   total 258048K, used 78734K [0x0000000080000000, 0x0000000100000000)
  region size 1024K, 71 young (72704K), 11 survivors (11264K)
 Metaspace       used 27136K, capacity 27690K, committed 27772K, reserved 540672K
  class space    used 3488K, capacity 3734K, committed 3788K, reserved 516096K
}
Event: 52.057 GC heap after
{Heap after GC invocations=4 (full 0):
 garbage-first heap   total 258048K, used 19247K [0x0000000080000000, 0x0000000100000000)
  region size 1024K, 3 young (3072K), 3 survivors (3072K)
 Metaspace       used 27136K, capacity 27690K, committed 27772K, reserved 540672K
  class space    used 3488K, capacity 3734K, committed 3788K, reserved 516096K
}
Event: 56.432 GC heap before
{Heap before GC invocations=4 (full 0):
 garbage-first heap   total 258048K, used 77615K [0x0000000080000000, 0x0000000100000000)
  region size 1024K, 61 young (62464K), 3 survivors (3072K)
 Metaspace       used 35170K, capacity 35934K, committed 36048K, reserved 548864K
  class space    used 4494K, capacity 4823K, committed 4896K, reserved 516096K
}
Event: 56.446 GC heap after
{Heap after GC invocations=5 (full 0):
 garbage-first heap   total 258048K, used 22117K [0x0000000080000000, 0x0000000100000000)
  region size 1024K, 6 young (6144K), 6 survivors (6144K)
 Metaspace       used 35170K, capacity 35934K, committed 36048K, reserved 548864K
  class space    used 4494K, capacity 4823K, committed 4896K, reserved 516096K
}

